[2026-04-08 06:07:48Z INFO HostContext] No proxy settings were found based on environmental variables (http_proxy/https_proxy/HTTP_PROXY/HTTPS_PROXY)
[2026-04-08 06:07:48Z INFO HostContext] Well known directory 'Bin': 'C:\Users\maple\OneDrive\바탕 화면\VIVECODING\HW2\actions-runner\bin'
[2026-04-08 06:07:48Z INFO HostContext] Well known directory 'Root': 'C:\Users\maple\OneDrive\바탕 화면\VIVECODING\HW2\actions-runner'
[2026-04-08 06:07:48Z INFO HostContext] Well known config file 'Credentials': 'C:\Users\maple\OneDrive\바탕 화면\VIVECODING\HW2\actions-runner\.credentials'
[2026-04-08 06:07:48Z INFO HostContext] Well known directory 'Bin': 'C:\Users\maple\OneDrive\바탕 화면\VIVECODING\HW2\actions-runner\bin'
[2026-04-08 06:07:48Z INFO HostContext] Well known directory 'Root': 'C:\Users\maple\OneDrive\바탕 화면\VIVECODING\HW2\actions-runner'
[2026-04-08 06:07:48Z INFO HostContext] Well known config file 'Runner': 'C:\Users\maple\OneDrive\바탕 화면\VIVECODING\HW2\actions-runner\.runner'
[2026-04-08 06:07:48Z INFO Worker] Version: 2.333.1
[2026-04-08 06:07:48Z INFO Worker] Commit: 6792966801e8925346735b68c03bf9f347af4646
[2026-04-08 06:07:48Z INFO Worker] Culture: ko-KR
[2026-04-08 06:07:48Z INFO Worker] UI Culture: ko-KR
[2026-04-08 06:07:48Z INFO Worker] Waiting to receive the job message from the channel.
[2026-04-08 06:07:48Z INFO ProcessChannel] Receiving message of length 20867, with hash 'a7aa76b6de6cc8abfbc641a6b7465bddb3b24cc7d301c072a7fab5615c851ccf'
[2026-04-08 06:07:48Z INFO Worker] Message received.
[2026-04-08 06:07:48Z INFO Worker] Job message:
 {
  "fileTable": [
    ".github/workflows/ci.yml"
  ],
  "mask": [
    {
      "type": "regex",
      "value": "***"
    },
    {
      "type": "regex",
      "value": "***"
    },
    {
      "type": "regex",
      "value": "***"
    },
    {
      "type": "regex",
      "value": "***"
    },
    {
      "type": "regex",
      "value": "***"
    },
    {
      "type": "regex",
      "value": "***"
    },
    {
      "type": "regex",
      "value": "***"
    },
    {
      "type": "regex",
      "value": "***"
    },
    {
      "type": "regex",
      "value": "***"
    },
    {
      "type": "regex",
      "value": "***"
    },
    {
      "type": "regex",
      "value": "***"
    },
    {
      "type": "regex",
      "value": "***"
    },
    {
      "type": "regex",
      "value": "***"
    },
    {
      "type": "regex",
      "value": "***"
    },
    {
      "type": "regex",
      "value": "***"
    },
    {
      "type": "regex",
      "value": "***"
    },
    {
      "type": "regex",
      "value": "***"
    },
    {
      "type": "regex",
      "value": "***"
    }
  ],
  "steps": [
    {
      "type": "action",
      "reference": {
        "type": "script"
      },
      "displayNameToken": {
        "type": 0,
        "file": 1,
        "line": 44,
        "col": 15,
        "lit": "Pull Latest Docker Image"
      },
      "contextName": "__run",
      "inputs": {
        "type": 2,
        "map": [
          {
            "key": "script",
            "value": {
              "type": 3,
              "file": 1,
              "line": 46,
              "col": 14,
              "expr": "format('docker pull {0}/mushroom-api:latest', secrets.DOCKERHUB_USERNAME)"
            }
          }
        ]
      },
      "condition": "success()",
      "id": "a38da2a5-f3ac-4833-901a-1294a65e5d1e",
      "name": "__run"
    },
    {
      "type": "action",
      "reference": {
        "type": "script"
      },
      "displayNameToken": {
        "type": 0,
        "file": 1,
        "line": 48,
        "col": 15,
        "lit": "Stop Existing Container"
      },
      "contextName": "__run_2",
      "inputs": {
        "type": 2,
        "map": [
          {
            "key": "script",
            "value": {
              "type": 0,
              "file": 1,
              "line": 52,
              "col": 14,
              "lit": "docker stop mushroom-container"
            }
          }
        ]
      },
      "condition": "success()",
      "continueOnError": {
        "type": 5,
        "file": 1,
        "line": 51,
        "col": 28,
        "bool": true
      },
      "id": "e49cabe9-5b96-43b1-b4ba-edc1b2bbee39",
      "name": "__run_2"
    },
    {
      "type": "action",
      "reference": {
        "type": "script"
      },
      "displayNameToken": {
        "type": 0,
        "file": 1,
        "line": 54,
        "col": 15,
        "lit": "Remove Existing Container"
      },
      "contextName": "__run_3",
      "inputs": {
        "type": 2,
        "map": [
          {
            "key": "script",
            "value": {
              "type": 0,
              "file": 1,
              "line": 57,
              "col": 14,
              "lit": "docker rm mushroom-container"
            }
          }
        ]
      },
      "condition": "success()",
      "continueOnError": {
        "type": 5,
        "file": 1,
        "line": 56,
        "col": 28,
        "bool": true
      },
      "id": "8d5f4d6b-578b-44b8-8756-52c5130d42e4",
      "name": "__run_3"
    },
    {
      "type": "action",
      "reference": {
        "type": "script"
      },
      "displayNameToken": {
        "type": 0,
        "file": 1,
        "line": 59,
        "col": 15,
        "lit": "Run New Container"
      },
      "contextName": "__run_4",
      "inputs": {
        "type": 2,
        "map": [
          {
            "key": "script",
            "value": {
              "type": 3,
              "file": 1,
              "line": 62,
              "col": 14,
              "expr": "format('docker run -d -p 8000:8000 --name mushroom-container --restart unless-stopped {0}/mushroom-api:latest', secrets.DOCKERHUB_USERNAME)"
            }
          }
        ]
      },
      "condition": "success()",
      "id": "806ad1fb-5a56-4ca3-baac-ffc8b02050ef",
      "name": "__run_4"
    }
  ],
  "variables": {
    "Actions.EnableHttpRedirects": {
      "value": "true"
    },
    "DOCKERHUB_USERNAME": {
      "value": "***",
      "isSecret": true
    },
    "DistributedTask.AddWarningToNode12Action": {
      "value": "true"
    },
    "DistributedTask.AddWarningToNode16Action": {
      "value": "true"
    },
    "DistributedTask.AllowRunnerContainerHooks": {
      "value": "true"
    },
    "DistributedTask.DeprecateStepOutputCommands": {
      "value": "true"
    },
    "DistributedTask.DetailUntarFailure": {
      "value": "true"
    },
    "DistributedTask.EnableCompositeActions": {
      "value": "true"
    },
    "DistributedTask.EnableJobServerQueueTelemetry": {
      "value": "true"
    },
    "DistributedTask.EnhancedAnnotations": {
      "value": "true"
    },
    "DistributedTask.ForceGithubJavascriptActionsToNode16": {
      "value": "true"
    },
    "DistributedTask.ForceGithubJavascriptActionsToNode20": {
      "value": "true"
    },
    "DistributedTask.LogTemplateErrorsAsDebugMessages": {
      "value": "true"
    },
    "DistributedTask.MarkJobAsFailedOnWorkerCrash": {
      "value": "true"
    },
    "DistributedTask.NewActionMetadata": {
      "value": "true"
    },
    "DistributedTask.UploadStepSummary": {
      "value": "true"
    },
    "DistributedTask.UseActionArchiveCache": {
      "value": "true"
    },
    "DistributedTask.UseWhich2": {
      "value": "true"
    },
    "RunService.FixEmbeddedIssues": {
      "value": "true"
    },
    "actions.runner.requirenode24": {
      "value": "false"
    },
    "actions.runner.usenode24bydefault": {
      "value": "false"
    },
    "actions.runner.warnonnode20": {
      "value": "true"
    },
    "actions_add_check_run_id_to_job_context": {
      "value": "true"
    },
    "actions_batch_action_resolution": {
      "value": "false"
    },
    "actions_container_action_runner_temp": {
      "value": "true"
    },
    "actions_display_helpful_actions_download_errors": {
      "value": "true"
    },
    "actions_runner_compare_workflow_parser": {
      "value": "false"
    },
    "actions_runner_deprecate_linux_arm32": {
      "value": "false"
    },
    "actions_runner_emit_composite_markers": {
      "value": "false"
    },
    "actions_runner_kill_linux_arm32": {
      "value": "false"
    },
    "actions_runner_node20_removal_date": {
      "value": ""
    },
    "actions_runner_node24_default_date": {
      "value": ""
    },
    "actions_service_container_command": {
      "value": "true"
    },
    "actions_set_orchestration_id_env_for_actions": {
      "value": "true"
    },
    "actions_skip_retry_complete_job_upon_known_errors": {
      "value": "true"
    },
    "actions_snapshot_preflight_hosted_runner_check": {
      "value": "false"
    },
    "actions_snapshot_preflight_image_gen_pool_check": {
      "value": "false"
    },
    "actions_use_bearer_token_for_codeload": {
      "value": "false"
    },
    "actions_uses_cache_service_v2": {
      "value": "true"
    },
    "github_token": {
      "value": "***",
      "isSecret": true
    },
    "system.from_run_service": {
      "value": "true"
    },
    "system.github.job": {
      "value": "deploy"
    },
    "system.github.launch_endpoint": {
      "value": "https://launch.actions.githubusercontent.com"
    },
    "system.github.results_endpoint": {
      "value": "https://results-receiver.actions.githubusercontent.com/"
    },
    "system.github.results_upload_with_sdk": {
      "value": "true"
    },
    "system.github.token": {
      "value": "***",
      "isSecret": true
    },
    "system.github.token.permissions": {
      "value": "{\"Contents\":\"read\",\"Metadata\":\"read\",\"Packages\":\"read\"}"
    },
    "system.orchestrationId": {
      "value": "c711a346-14fa-4caf-a1d0-1684f74a1642.deploy.__default"
    },
    "system.phaseDisplayName": {
      "value": "Deploy to Local Machine"
    },
    "system.runner.lowdiskspacethreshold": {
      "value": "100"
    },
    "system.runnerEnvironment": {
      "value": "self-hosted"
    },
    "system.runnerGroupName": {
      "value": "Default"
    }
  },
  "messageType": "RunnerJobRequest",
  "plan": {
    "scopeIdentifier": "00000000-0000-0000-0000-000000000000",
    "planType": "actions",
    "version": 0,
    "planId": "c711a346-14fa-4caf-a1d0-1684f74a1642",
    "planGroup": null,
    "artifactUri": null,
    "artifactLocation": null,
    "definition": null,
    "owner": null
  },
  "timeline": {
    "id": "c711a346-14fa-4caf-a1d0-1684f74a1642",
    "changeId": 0,
    "location": null
  },
  "jobId": "c6f6fd59-05ed-51f2-a303-85b53fd6e81e",
  "jobDisplayName": "Deploy to Local Machine",
  "jobName": "__default",
  "requestId": 0,
  "lockedUntil": "0001-01-01T00:00:00",
  "resources": {
    "endpoints": [
      {
        "data": {
          "ServerId": "",
          "ServerName": "",
          "CacheServerUrl": "https://artifactcache.actions.githubusercontent.com/sKdK8aGHyTh5jHY7ld3HBfy38oTehX7WVyd1n3mTMJkKRxyoaZ/",
          "FeedStreamUrl": "wss://results-receiver.actions.githubusercontent.com/_ws/ingest.sock",
          "ResultsServiceUrl": "https://results-receiver.actions.githubusercontent.com/",
          "PipelinesServiceUrl": "https://pipelinesghubeus9.actions.githubusercontent.com/sKdK8aGHyTh5jHY7ld3HBfy38oTehX7WVyd1n3mTMJkKRxyoaZ/",
          "GenerateIdTokenUrl": "",
          "ConnectivityChecks": "[\"https://broker.actions.githubusercontent.com/health\",\"https://token.actions.githubusercontent.com/ready\",\"https://run.actions.githubusercontent.com/health\"]"
        },
        "name": "SystemVssConnection",
        "url": "https://run-actions-2-azure-eastus.actions.githubusercontent.com/154/",
        "authorization": {
          "parameters": {
            "AccessToken": "***"
          },
          "scheme": "OAuth"
        },
        "isShared": false,
        "isReady": true
      }
    ]
  },
  "contextData": {
    "github": {
      "t": 2,
      "d": [
        {
          "k": "ref",
          "v": "refs/heads/main"
        },
        {
          "k": "sha",
          "v": "30f1eab06b2132e18b2a90be39e7bb1da8d07612"
        },
        {
          "k": "repository",
          "v": "code-pupple/HW2"
        },
        {
          "k": "repository_owner",
          "v": "code-pupple"
        },
        {
          "k": "repository_owner_id",
          "v": "223435940"
        },
        {
          "k": "repositoryUrl",
          "v": "git://github.com/code-pupple/HW2.git"
        },
        {
          "k": "run_id",
          "v": "24120464914"
        },
        {
          "k": "run_number",
          "v": "3"
        },
        {
          "k": "retention_days",
          "v": "90"
        },
        {
          "k": "run_attempt",
          "v": "3"
        },
        {
          "k": "artifact_cache_size_limit",
          "v": "10"
        },
        {
          "k": "repository_visibility",
          "v": "public"
        },
        {
          "k": "actor_id",
          "v": "223435940"
        },
        {
          "k": "actor",
          "v": "code-pupple"
        },
        {
          "k": "workflow",
          "v": "CI/CD Pipeline"
        },
        {
          "k": "head_ref",
          "v": ""
        },
        {
          "k": "base_ref",
          "v": ""
        },
        {
          "k": "event_name",
          "v": "push"
        },
        {
          "k": "server_url",
          "v": "https://github.com"
        },
        {
          "k": "api_url",
          "v": "https://api.github.com"
        },
        {
          "k": "graphql_url",
          "v": "https://api.github.com/graphql"
        },
        {
          "k": "ref_name",
          "v": "main"
        },
        {
          "k": "ref_protected",
          "v": false
        },
        {
          "k": "ref_type",
          "v": "branch"
        },
        {
          "k": "secret_source",
          "v": "Actions"
        },
        {
          "k": "event",
          "v": {
            "t": 2,
            "d": [
              {
                "k": "after",
                "v": "30f1eab06b2132e18b2a90be39e7bb1da8d07612"
              },
              {
                "k": "base_ref",
                "v": null
              },
              {
                "k": "before",
                "v": "7cf382512fed7d5da3b689657e83b0fea5ac29bd"
              },
              {
                "k": "commits",
                "v": {
                  "t": 1,
                  "a": [
                    {
                      "t": 2,
                      "d": [
                        {
                          "k": "author",
                          "v": {
                            "t": 2,
                            "d": [
                              {
                                "k": "email",
                                "v": "mapletree1017@naver.com"
                              },
                              {
                                "k": "name",
                                "v": "Bmumyung"
                              },
                              {
                                "k": "username",
                                "v": "Bmumyung"
                              }
                            ]
                          }
                        },
                        {
                          "k": "committer",
                          "v": {
                            "t": 2,
                            "d": [
                              {
                                "k": "email",
                                "v": "mapletree1017@naver.com"
                              },
                              {
                                "k": "name",
                                "v": "Bmumyung"
                              },
                              {
                                "k": "username",
                                "v": "Bmumyung"
                              }
                            ]
                          }
                        },
                        {
                          "k": "distinct",
                          "v": true
                        },
                        {
                          "k": "id",
                          "v": "30f1eab06b2132e18b2a90be39e7bb1da8d07612"
                        },
                        {
                          "k": "message",
                          "v": "feat: 셀프 호스팅 러너를 이용한 로컬 자동 배포(CD) 파이프라인 구축"
                        },
                        {
                          "k": "timestamp",
                          "v": "2026-04-08T15:00:36+09:00"
                        },
                        {
                          "k": "tree_id",
                          "v": "f576cc7dc17abb6f0fe959714d22926090f6e17a"
                        },
                        {
                          "k": "url",
                          "v": "https://github.com/code-pupple/HW2/commit/30f1eab06b2132e18b2a90be39e7bb1da8d07612"
                        }
                      ]
                    }
                  ]
                }
              },
              {
                "k": "compare",
                "v": "https://github.com/code-pupple/HW2/compare/7cf382512fed...30f1eab06b21"
              },
              {
                "k": "created",
                "v": false
              },
              {
                "k": "deleted",
                "v": false
              },
              {
                "k": "forced",
                "v": false
              },
              {
                "k": "head_commit",
                "v": {
                  "t": 2,
                  "d": [
                    {
                      "k": "author",
                      "v": {
                        "t": 2,
                        "d": [
                          {
                            "k": "email",
                            "v": "mapletree1017@naver.com"
                          },
                          {
                            "k": "name",
                            "v": "Bmumyung"
                          },
                          {
                            "k": "username",
                            "v": "Bmumyung"
                          }
                        ]
                      }
                    },
                    {
                      "k": "committer",
                      "v": {
                        "t": 2,
                        "d": [
                          {
                            "k": "email",
                            "v": "mapletree1017@naver.com"
                          },
                          {
                            "k": "name",
                            "v": "Bmumyung"
                          },
                          {
                            "k": "username",
                            "v": "Bmumyung"
                          }
                        ]
                      }
                    },
                    {
                      "k": "distinct",
                      "v": true
                    },
                    {
                      "k": "id",
                      "v": "30f1eab06b2132e18b2a90be39e7bb1da8d07612"
                    },
                    {
                      "k": "message",
                      "v": "feat: 셀프 호스팅 러너를 이용한 로컬 자동 배포(CD) 파이프라인 구축"
                    },
                    {
                      "k": "timestamp",
                      "v": "2026-04-08T15:00:36+09:00"
                    },
                    {
                      "k": "tree_id",
                      "v": "f576cc7dc17abb6f0fe959714d22926090f6e17a"
                    },
                    {
                      "k": "url",
                      "v": "https://github.com/code-pupple/HW2/commit/30f1eab06b2132e18b2a90be39e7bb1da8d07612"
                    }
                  ]
                }
              },
              {
                "k": "pusher",
                "v": {
                  "t": 2,
                  "d": [
                    {
                      "k": "email",
                      "v": "mapletree061017@gmail.com"
                    },
                    {
                      "k": "name",
                      "v": "code-pupple"
                    }
                  ]
                }
              },
              {
                "k": "ref",
                "v": "refs/heads/main"
              },
              {
                "k": "repository",
                "v": {
                  "t": 2,
                  "d": [
                    {
                      "k": "allow_forking",
                      "v": true
                    },
                    {
                      "k": "archive_url",
                      "v": "https://api.github.com/repos/code-pupple/HW2/{archive_format}{/ref}"
                    },
                    {
                      "k": "archived",
                      "v": false
                    },
                    {
                      "k": "assignees_url",
                      "v": "https://api.github.com/repos/code-pupple/HW2/assignees{/user}"
                    },
                    {
                      "k": "blobs_url",
                      "v": "https://api.github.com/repos/code-pupple/HW2/git/blobs{/sha}"
                    },
                    {
                      "k": "branches_url",
                      "v": "https://api.github.com/repos/code-pupple/HW2/branches{/branch}"
                    },
                    {
                      "k": "clone_url",
                      "v": "https://github.com/code-pupple/HW2.git"
                    },
                    {
                      "k": "collaborators_url",
                      "v": "https://api.github.com/repos/code-pupple/HW2/collaborators{/collaborator}"
                    },
                    {
                      "k": "comments_url",
                      "v": "https://api.github.com/repos/code-pupple/HW2/comments{/number}"
                    },
                    {
                      "k": "commits_url",
                      "v": "https://api.github.com/repos/code-pupple/HW2/commits{/sha}"
                    },
                    {
                      "k": "compare_url",
                      "v": "https://api.github.com/repos/code-pupple/HW2/compare/{base}...{head}"
                    },
                    {
                      "k": "contents_url",
                      "v": "https://api.github.com/repos/code-pupple/HW2/contents/{+path}"
                    },
                    {
                      "k": "contributors_url",
                      "v": "https://api.github.com/repos/code-pupple/HW2/contributors"
                    },
                    {
                      "k": "created_at",
                      "v": 1775621601.0
                    },
                    {
                      "k": "default_branch",
                      "v": "main"
                    },
                    {
                      "k": "deployments_url",
                      "v": "https://api.github.com/repos/code-pupple/HW2/deployments"
                    },
                    {
                      "k": "description",
                      "v": null
                    },
                    {
                      "k": "disabled",
                      "v": false
                    },
                    {
                      "k": "downloads_url",
                      "v": "https://api.github.com/repos/code-pupple/HW2/downloads"
                    },
                    {
                      "k": "events_url",
                      "v": "https://api.github.com/repos/code-pupple/HW2/events"
                    },
                    {
                      "k": "fork",
                      "v": false
                    },
                    {
                      "k": "forks",
                      "v": 0.0
                    },
                    {
                      "k": "forks_count",
                      "v": 0.0
                    },
                    {
                      "k": "forks_url",
                      "v": "https://api.github.com/repos/code-pupple/HW2/forks"
                    },
                    {
                      "k": "full_name",
                      "v": "code-pupple/HW2"
                    },
                    {
                      "k": "git_commits_url",
                      "v": "https://api.github.com/repos/code-pupple/HW2/git/commits{/sha}"
                    },
                    {
                      "k": "git_refs_url",
                      "v": "https://api.github.com/repos/code-pupple/HW2/git/refs{/sha}"
                    },
                    {
                      "k": "git_tags_url",
                      "v": "https://api.github.com/repos/code-pupple/HW2/git/tags{/sha}"
                    },
                    {
                      "k": "git_url",
                      "v": "git://github.com/code-pupple/HW2.git"
                    },
                    {
                      "k": "has_discussions",
                      "v": false
                    },
                    {
                      "k": "has_downloads",
                      "v": true
                    },
                    {
                      "k": "has_issues",
                      "v": true
                    },
                    {
                      "k": "has_pages",
                      "v": false
                    },
                    {
                      "k": "has_projects",
                      "v": true
                    },
                    {
                      "k": "has_pull_requests",
                      "v": true
                    },
                    {
                      "k": "has_wiki",
                      "v": true
                    },
                    {
                      "k": "homepage",
                      "v": null
                    },
                    {
                      "k": "hooks_url",
                      "v": "https://api.github.com/repos/code-pupple/HW2/hooks"
                    },
                    {
                      "k": "html_url",
                      "v": "https://github.com/code-pupple/HW2"
                    },
                    {
                      "k": "id",
                      "v": 1204500146.0
                    },
                    {
                      "k": "is_template",
                      "v": false
                    },
                    {
                      "k": "issue_comment_url",
                      "v": "https://api.github.com/repos/code-pupple/HW2/issues/comments{/number}"
                    },
                    {
                      "k": "issue_events_url",
                      "v": "https://api.github.com/repos/code-pupple/HW2/issues/events{/number}"
                    },
                    {
                      "k": "issues_url",
                      "v": "https://api.github.com/repos/code-pupple/HW2/issues{/number}"
                    },
                    {
                      "k": "keys_url",
                      "v": "https://api.github.com/repos/code-pupple/HW2/keys{/key_id}"
                    },
                    {
                      "k": "labels_url",
                      "v": "https://api.github.com/repos/code-pupple/HW2/labels{/name}"
                    },
                    {
                      "k": "language",
                      "v": "Python"
                    },
                    {
                      "k": "languages_url",
                      "v": "https://api.github.com/repos/code-pupple/HW2/languages"
                    },
                    {
                      "k": "license",
                      "v": null
                    },
                    {
                      "k": "master_branch",
                      "v": "main"
                    },
                    {
                      "k": "merges_url",
                      "v": "https://api.github.com/repos/code-pupple/HW2/merges"
                    },
                    {
                      "k": "milestones_url",
                      "v": "https://api.github.com/repos/code-pupple/HW2/milestones{/number}"
                    },
                    {
                      "k": "mirror_url",
                      "v": null
                    },
                    {
                      "k": "name",
                      "v": "HW2"
                    },
                    {
                      "k": "node_id",
                      "v": "R_kgDOR8s2sg"
                    },
                    {
                      "k": "notifications_url",
                      "v": "https://api.github.com/repos/code-pupple/HW2/notifications{?since,all,participating}"
                    },
                    {
                      "k": "open_issues",
                      "v": 0.0
                    },
                    {
                      "k": "open_issues_count",
                      "v": 0.0
                    },
                    {
                      "k": "owner",
                      "v": {
                        "t": 2,
                        "d": [
                          {
                            "k": "avatar_url",
                            "v": "https://avatars.githubusercontent.com/u/223435940?v=4"
                          },
                          {
                            "k": "email",
                            "v": "mapletree061017@gmail.com"
                          },
                          {
                            "k": "events_url",
                            "v": "https://api.github.com/users/code-pupple/events{/privacy}"
                          },
                          {
                            "k": "followers_url",
                            "v": "https://api.github.com/users/code-pupple/followers"
                          },
                          {
                            "k": "following_url",
                            "v": "https://api.github.com/users/code-pupple/following{/other_user}"
                          },
                          {
                            "k": "gists_url",
                            "v": "https://api.github.com/users/code-pupple/gists{/gist_id}"
                          },
                          {
                            "k": "gravatar_id",
                            "v": ""
                          },
                          {
                            "k": "html_url",
                            "v": "https://github.com/code-pupple"
                          },
                          {
                            "k": "id",
                            "v": 223435940.0
                          },
                          {
                            "k": "login",
                            "v": "code-pupple"
                          },
                          {
                            "k": "name",
                            "v": "code-pupple"
                          },
                          {
                            "k": "node_id",
                            "v": "U_kgDODVFcpA"
                          },
                          {
                            "k": "organizations_url",
                            "v": "https://api.github.com/users/code-pupple/orgs"
                          },
                          {
                            "k": "received_events_url",
                            "v": "https://api.github.com/users/code-pupple/received_events"
                          },
                          {
                            "k": "repos_url",
                            "v": "https://api.github.com/users/code-pupple/repos"
                          },
                          {
                            "k": "site_admin",
                            "v": false
                          },
                          {
                            "k": "starred_url",
                            "v": "https://api.github.com/users/code-pupple/starred{/owner}{/repo}"
                          },
                          {
                            "k": "subscriptions_url",
                            "v": "https://api.github.com/users/code-pupple/subscriptions"
                          },
                          {
                            "k": "type",
                            "v": "User"
                          },
                          {
                            "k": "url",
                            "v": "https://api.github.com/users/code-pupple"
                          },
                          {
                            "k": "user_view_type",
                            "v": "public"
                          }
                        ]
                      }
                    },
                    {
                      "k": "private",
                      "v": false
                    },
                    {
                      "k": "pull_request_creation_policy",
                      "v": "all"
                    },
                    {
                      "k": "pulls_url",
                      "v": "https://api.github.com/repos/code-pupple/HW2/pulls{/number}"
                    },
                    {
                      "k": "pushed_at",
                      "v": 1775628072.0
                    },
                    {
                      "k": "releases_url",
                      "v": "https://api.github.com/repos/code-pupple/HW2/releases{/id}"
                    },
                    {
                      "k": "size",
                      "v": 0.0
                    },
                    {
                      "k": "ssh_url",
                      "v": "git@github.com:code-pupple/HW2.git"
                    },
                    {
                      "k": "stargazers",
                      "v": 0.0
                    },
                    {
                      "k": "stargazers_count",
                      "v": 0.0
                    },
                    {
                      "k": "stargazers_url",
                      "v": "https://api.github.com/repos/code-pupple/HW2/stargazers"
                    },
                    {
                      "k": "statuses_url",
                      "v": "https://api.github.com/repos/code-pupple/HW2/statuses/{sha}"
                    },
                    {
                      "k": "subscribers_url",
                      "v": "https://api.github.com/repos/code-pupple/HW2/subscribers"
                    },
                    {
                      "k": "subscription_url",
                      "v": "https://api.github.com/repos/code-pupple/HW2/subscription"
                    },
                    {
                      "k": "svn_url",
                      "v": "https://github.com/code-pupple/HW2"
                    },
                    {
                      "k": "tags_url",
                      "v": "https://api.github.com/repos/code-pupple/HW2/tags"
                    },
                    {
                      "k": "teams_url",
                      "v": "https://api.github.com/repos/code-pupple/HW2/teams"
                    },
                    {
                      "k": "topics",
                      "v": {
                        "t": 1
                      }
                    },
                    {
                      "k": "trees_url",
                      "v": "https://api.github.com/repos/code-pupple/HW2/git/trees{/sha}"
                    },
                    {
                      "k": "updated_at",
                      "v": "2026-04-08T05:43:32Z"
                    },
                    {
                      "k": "url",
                      "v": "https://api.github.com/repos/code-pupple/HW2"
                    },
                    {
                      "k": "visibility",
                      "v": "public"
                    },
                    {
                      "k": "watchers",
                      "v": 0.0
                    },
                    {
                      "k": "watchers_count",
                      "v": 0.0
                    },
                    {
                      "k": "web_commit_signoff_required",
                      "v": false
                    }
                  ]
                }
              },
              {
                "k": "sender",
                "v": {
                  "t": 2,
                  "d": [
                    {
                      "k": "avatar_url",
                      "v": "https://avatars.githubusercontent.com/u/223435940?v=4"
                    },
                    {
                      "k": "events_url",
                      "v": "https://api.github.com/users/code-pupple/events{/privacy}"
                    },
                    {
                      "k": "followers_url",
                      "v": "https://api.github.com/users/code-pupple/followers"
                    },
                    {
                      "k": "following_url",
                      "v": "https://api.github.com/users/code-pupple/following{/other_user}"
                    },
                    {
                      "k": "gists_url",
                      "v": "https://api.github.com/users/code-pupple/gists{/gist_id}"
                    },
                    {
                      "k": "gravatar_id",
                      "v": ""
                    },
                    {
                      "k": "html_url",
                      "v": "https://github.com/code-pupple"
                    },
                    {
                      "k": "id",
                      "v": 223435940.0
                    },
                    {
                      "k": "login",
                      "v": "code-pupple"
                    },
                    {
                      "k": "node_id",
                      "v": "U_kgDODVFcpA"
                    },
                    {
                      "k": "organizations_url",
                      "v": "https://api.github.com/users/code-pupple/orgs"
                    },
                    {
                      "k": "received_events_url",
                      "v": "https://api.github.com/users/code-pupple/received_events"
                    },
                    {
                      "k": "repos_url",
                      "v": "https://api.github.com/users/code-pupple/repos"
                    },
                    {
                      "k": "site_admin",
                      "v": false
                    },
                    {
                      "k": "starred_url",
                      "v": "https://api.github.com/users/code-pupple/starred{/owner}{/repo}"
                    },
                    {
                      "k": "subscriptions_url",
                      "v": "https://api.github.com/users/code-pupple/subscriptions"
                    },
                    {
                      "k": "type",
                      "v": "User"
                    },
                    {
                      "k": "url",
                      "v": "https://api.github.com/users/code-pupple"
                    },
                    {
                      "k": "user_view_type",
                      "v": "public"
                    }
                  ]
                }
              }
            ]
          }
        },
        {
          "k": "workflow_ref",
          "v": "code-pupple/HW2/.github/workflows/ci.yml@refs/heads/main"
        },
        {
          "k": "workflow_sha",
          "v": "30f1eab06b2132e18b2a90be39e7bb1da8d07612"
        },
        {
          "k": "repository_id",
          "v": "1204500146"
        },
        {
          "k": "triggering_actor",
          "v": "code-pupple"
        }
      ]
    },
    "inputs": {
      "t": 2
    },
    "job": {
      "t": 2,
      "d": [
        {
          "k": "check_run_id",
          "v": 70373828916.0
        }
      ]
    },
    "matrix": null,
    "needs": {
      "t": 2,
      "d": [
        {
          "k": "build-and-push",
          "v": {
            "t": 2,
            "d": [
              {
                "k": "result",
                "v": "success"
              },
              {
                "k": "outputs",
                "v": {
                  "t": 2
                }
              }
            ]
          }
        }
      ]
    },
    "strategy": {
      "t": 2,
      "d": [
        {
          "k": "fail-fast",
          "v": true
        },
        {
          "k": "job-index",
          "v": 0.0
        },
        {
          "k": "job-total",
          "v": 1.0
        },
        {
          "k": "max-parallel",
          "v": 1.0
        }
      ]
    },
    "vars": {
      "t": 2
    }
  },
  "billingOwnerId": "U_kgDODVFcpA"
}
[2026-04-08 06:07:48Z INFO JobRunner] Job ID c6f6fd59-05ed-51f2-a303-85b53fd6e81e
[2026-04-08 06:07:48Z INFO ConfigurationStore] currentAssemblyLocation: C:\Users\maple\OneDrive\바탕 화면\VIVECODING\HW2\actions-runner\bin\Runner.Worker.dll
[2026-04-08 06:07:48Z INFO HostContext] Well known directory 'Bin': 'C:\Users\maple\OneDrive\바탕 화면\VIVECODING\HW2\actions-runner\bin'
[2026-04-08 06:07:48Z INFO ConfigurationStore] binPath: C:\Users\maple\OneDrive\바탕 화면\VIVECODING\HW2\actions-runner\bin
[2026-04-08 06:07:48Z INFO HostContext] Well known directory 'Bin': 'C:\Users\maple\OneDrive\바탕 화면\VIVECODING\HW2\actions-runner\bin'
[2026-04-08 06:07:48Z INFO HostContext] Well known directory 'Root': 'C:\Users\maple\OneDrive\바탕 화면\VIVECODING\HW2\actions-runner'
[2026-04-08 06:07:48Z INFO ConfigurationStore] RootFolder: C:\Users\maple\OneDrive\바탕 화면\VIVECODING\HW2\actions-runner
[2026-04-08 06:07:48Z INFO HostContext] Well known directory 'Bin': 'C:\Users\maple\OneDrive\바탕 화면\VIVECODING\HW2\actions-runner\bin'
[2026-04-08 06:07:48Z INFO HostContext] Well known directory 'Root': 'C:\Users\maple\OneDrive\바탕 화면\VIVECODING\HW2\actions-runner'
[2026-04-08 06:07:48Z INFO HostContext] Well known config file 'Runner': 'C:\Users\maple\OneDrive\바탕 화면\VIVECODING\HW2\actions-runner\.runner'
[2026-04-08 06:07:48Z INFO ConfigurationStore] ConfigFilePath: C:\Users\maple\OneDrive\바탕 화면\VIVECODING\HW2\actions-runner\.runner
[2026-04-08 06:07:48Z INFO HostContext] Well known directory 'Bin': 'C:\Users\maple\OneDrive\바탕 화면\VIVECODING\HW2\actions-runner\bin'
[2026-04-08 06:07:48Z INFO HostContext] Well known directory 'Root': 'C:\Users\maple\OneDrive\바탕 화면\VIVECODING\HW2\actions-runner'
[2026-04-08 06:07:48Z INFO HostContext] Well known config file 'MigratedRunner': 'C:\Users\maple\OneDrive\바탕 화면\VIVECODING\HW2\actions-runner\.runner_migrated'
[2026-04-08 06:07:48Z INFO ConfigurationStore] MigratedConfigFilePath: C:\Users\maple\OneDrive\바탕 화면\VIVECODING\HW2\actions-runner\.runner_migrated
[2026-04-08 06:07:48Z INFO HostContext] Well known directory 'Bin': 'C:\Users\maple\OneDrive\바탕 화면\VIVECODING\HW2\actions-runner\bin'
[2026-04-08 06:07:48Z INFO HostContext] Well known directory 'Root': 'C:\Users\maple\OneDrive\바탕 화면\VIVECODING\HW2\actions-runner'
[2026-04-08 06:07:48Z INFO HostContext] Well known config file 'Credentials': 'C:\Users\maple\OneDrive\바탕 화면\VIVECODING\HW2\actions-runner\.credentials'
[2026-04-08 06:07:48Z INFO ConfigurationStore] CredFilePath: C:\Users\maple\OneDrive\바탕 화면\VIVECODING\HW2\actions-runner\.credentials
[2026-04-08 06:07:48Z INFO HostContext] Well known directory 'Bin': 'C:\Users\maple\OneDrive\바탕 화면\VIVECODING\HW2\actions-runner\bin'
[2026-04-08 06:07:48Z INFO HostContext] Well known directory 'Root': 'C:\Users\maple\OneDrive\바탕 화면\VIVECODING\HW2\actions-runner'
[2026-04-08 06:07:48Z INFO HostContext] Well known config file 'MigratedCredentials': 'C:\Users\maple\OneDrive\바탕 화면\VIVECODING\HW2\actions-runner\.credentials_migrated'
[2026-04-08 06:07:48Z INFO ConfigurationStore] MigratedCredFilePath: C:\Users\maple\OneDrive\바탕 화면\VIVECODING\HW2\actions-runner\.credentials_migrated
[2026-04-08 06:07:48Z INFO HostContext] Well known directory 'Bin': 'C:\Users\maple\OneDrive\바탕 화면\VIVECODING\HW2\actions-runner\bin'
[2026-04-08 06:07:48Z INFO HostContext] Well known directory 'Root': 'C:\Users\maple\OneDrive\바탕 화면\VIVECODING\HW2\actions-runner'
[2026-04-08 06:07:48Z INFO HostContext] Well known config file 'Service': 'C:\Users\maple\OneDrive\바탕 화면\VIVECODING\HW2\actions-runner\.service'
[2026-04-08 06:07:48Z INFO ConfigurationStore] ServiceConfigFilePath: C:\Users\maple\OneDrive\바탕 화면\VIVECODING\HW2\actions-runner\.service
[2026-04-08 06:07:48Z INFO ConfigurationStore] Read setting file: 393 chars
[2026-04-08 06:07:48Z INFO JobRunner] Initializing launch client
[2026-04-08 06:07:48Z INFO JobServerQueue] Initializing results client
[2026-04-08 06:07:48Z INFO ResultServer] Creating websocket client ...wss://results-receiver.actions.githubusercontent.com/_ws/ingest.sock
[2026-04-08 06:07:48Z INFO ResultServer] Attempting to start websocket client with delay 00:00:00.
[2026-04-08 06:07:48Z INFO JobServerQueue] Start process web console line queue.
[2026-04-08 06:07:48Z INFO JobServerQueue] Start process file upload queue.
[2026-04-08 06:07:48Z INFO JobServerQueue] Start results file upload queue.
[2026-04-08 06:07:48Z INFO JobServerQueue] Starting results-based upload queue...
[2026-04-08 06:07:48Z INFO JobServerQueue] Start process timeline update queue.
[2026-04-08 06:07:48Z INFO ExecutionContext] Initializing Job context
[2026-04-08 06:07:48Z INFO ExecutionContext] Initialize GitHub context
[2026-04-08 06:07:48Z INFO ExecutionContext] Initialize Env context
[2026-04-08 06:07:48Z INFO HostContext] Well known directory 'Bin': 'C:\Users\maple\OneDrive\바탕 화면\VIVECODING\HW2\actions-runner\bin'
[2026-04-08 06:07:48Z INFO HostContext] Well known directory 'Root': 'C:\Users\maple\OneDrive\바탕 화면\VIVECODING\HW2\actions-runner'
[2026-04-08 06:07:48Z INFO HostContext] Well known directory 'Diag': 'C:\Users\maple\OneDrive\바탕 화면\VIVECODING\HW2\actions-runner\_diag'
[2026-04-08 06:07:48Z INFO HostContext] Well known directory 'Bin': 'C:\Users\maple\OneDrive\바탕 화면\VIVECODING\HW2\actions-runner\bin'
[2026-04-08 06:07:48Z INFO HostContext] Well known directory 'Root': 'C:\Users\maple\OneDrive\바탕 화면\VIVECODING\HW2\actions-runner'
[2026-04-08 06:07:48Z INFO HostContext] Well known directory 'Diag': 'C:\Users\maple\OneDrive\바탕 화면\VIVECODING\HW2\actions-runner\_diag'
[2026-04-08 06:07:48Z INFO JobRunner] Starting the job execution context.
[2026-04-08 06:07:48Z INFO HostContext] Well known directory 'Bin': 'C:\Users\maple\OneDrive\바탕 화면\VIVECODING\HW2\actions-runner\bin'
[2026-04-08 06:07:48Z INFO HostContext] Well known directory 'Root': 'C:\Users\maple\OneDrive\바탕 화면\VIVECODING\HW2\actions-runner'
[2026-04-08 06:07:48Z INFO HostContext] Well known directory 'Work': 'C:\Users\maple\OneDrive\바탕 화면\VIVECODING\HW2\actions-runner\_work'
[2026-04-08 06:07:48Z INFO JobRunner] Validating directory permissions for: 'C:\Users\maple\OneDrive\바탕 화면\VIVECODING\HW2\actions-runner\_work'
[2026-04-08 06:07:48Z INFO HostContext] Well known directory 'Bin': 'C:\Users\maple\OneDrive\바탕 화면\VIVECODING\HW2\actions-runner\bin'
[2026-04-08 06:07:48Z INFO HostContext] Well known directory 'Root': 'C:\Users\maple\OneDrive\바탕 화면\VIVECODING\HW2\actions-runner'
[2026-04-08 06:07:48Z INFO HostContext] Well known directory 'Work': 'C:\Users\maple\OneDrive\바탕 화면\VIVECODING\HW2\actions-runner\_work'
[2026-04-08 06:07:48Z INFO HostContext] Well known directory 'Tools': 'C:\Users\maple\OneDrive\바탕 화면\VIVECODING\HW2\actions-runner\_work\_tool'
[2026-04-08 06:07:48Z INFO HostContext] Well known directory 'Bin': 'C:\Users\maple\OneDrive\바탕 화면\VIVECODING\HW2\actions-runner\bin'
[2026-04-08 06:07:48Z INFO HostContext] Well known directory 'Root': 'C:\Users\maple\OneDrive\바탕 화면\VIVECODING\HW2\actions-runner'
[2026-04-08 06:07:48Z INFO HostContext] Well known directory 'Work': 'C:\Users\maple\OneDrive\바탕 화면\VIVECODING\HW2\actions-runner\_work'
[2026-04-08 06:07:48Z INFO HostContext] Well known directory 'Temp': 'C:\Users\maple\OneDrive\바탕 화면\VIVECODING\HW2\actions-runner\_work\_temp'
[2026-04-08 06:07:48Z INFO JobRunner] Getting job extension.
[2026-04-08 06:07:48Z INFO JobRunner] Initialize job. Getting all job steps.
[2026-04-08 06:07:48Z INFO HostContext] Well known directory 'Bin': 'C:\Users\maple\OneDrive\바탕 화면\VIVECODING\HW2\actions-runner\bin'
[2026-04-08 06:07:48Z INFO HostContext] Well known directory 'Root': 'C:\Users\maple\OneDrive\바탕 화면\VIVECODING\HW2\actions-runner'
[2026-04-08 06:07:48Z INFO HostContext] Well known directory 'Diag': 'C:\Users\maple\OneDrive\바탕 화면\VIVECODING\HW2\actions-runner\_diag'
[2026-04-08 06:07:48Z INFO HostContext] Well known directory 'Bin': 'C:\Users\maple\OneDrive\바탕 화면\VIVECODING\HW2\actions-runner\bin'
[2026-04-08 06:07:48Z INFO HostContext] Well known directory 'Root': 'C:\Users\maple\OneDrive\바탕 화면\VIVECODING\HW2\actions-runner'
[2026-04-08 06:07:48Z INFO HostContext] Well known directory 'Diag': 'C:\Users\maple\OneDrive\바탕 화면\VIVECODING\HW2\actions-runner\_diag'
[2026-04-08 06:07:48Z INFO HostContext] Well known directory 'Bin': 'C:\Users\maple\OneDrive\바탕 화면\VIVECODING\HW2\actions-runner\bin'
[2026-04-08 06:07:48Z INFO HostContext] Well known directory 'Root': 'C:\Users\maple\OneDrive\바탕 화면\VIVECODING\HW2\actions-runner'
[2026-04-08 06:07:48Z INFO HostContext] Well known config file 'Credentials': 'C:\Users\maple\OneDrive\바탕 화면\VIVECODING\HW2\actions-runner\.credentials'
[2026-04-08 06:07:48Z INFO HostContext] Well known directory 'Bin': 'C:\Users\maple\OneDrive\바탕 화면\VIVECODING\HW2\actions-runner\bin'
[2026-04-08 06:07:48Z INFO HostContext] Well known directory 'Root': 'C:\Users\maple\OneDrive\바탕 화면\VIVECODING\HW2\actions-runner'
[2026-04-08 06:07:48Z INFO HostContext] Well known config file 'SetupInfo': 'C:\Users\maple\OneDrive\바탕 화면\VIVECODING\HW2\actions-runner\.setup_info'
[2026-04-08 06:07:48Z INFO HostContext] Well known directory 'Bin': 'C:\Users\maple\OneDrive\바탕 화면\VIVECODING\HW2\actions-runner\bin'
[2026-04-08 06:07:48Z INFO HostContext] Well known directory 'Root': 'C:\Users\maple\OneDrive\바탕 화면\VIVECODING\HW2\actions-runner'
[2026-04-08 06:07:48Z INFO HostContext] Well known directory 'Work': 'C:\Users\maple\OneDrive\바탕 화면\VIVECODING\HW2\actions-runner\_work'
[2026-04-08 06:07:48Z INFO PipelineDirectoryManager] Loading tracking config if exists: C:\Users\maple\OneDrive\바탕 화면\VIVECODING\HW2\actions-runner\_work\_PipelineMapping\code-pupple/HW2\PipelineFolder.json
[2026-04-08 06:07:48Z INFO PipelineDirectoryManager] Updating job run properties.
[2026-04-08 06:07:48Z INFO HostContext] Well known directory 'Bin': 'C:\Users\maple\OneDrive\바탕 화면\VIVECODING\HW2\actions-runner\bin'
[2026-04-08 06:07:48Z INFO HostContext] Well known directory 'Root': 'C:\Users\maple\OneDrive\바탕 화면\VIVECODING\HW2\actions-runner'
[2026-04-08 06:07:48Z INFO HostContext] Well known directory 'Work': 'C:\Users\maple\OneDrive\바탕 화면\VIVECODING\HW2\actions-runner\_work'
[2026-04-08 06:07:48Z INFO HostContext] Well known directory 'Bin': 'C:\Users\maple\OneDrive\바탕 화면\VIVECODING\HW2\actions-runner\bin'
[2026-04-08 06:07:48Z INFO HostContext] Well known directory 'Root': 'C:\Users\maple\OneDrive\바탕 화면\VIVECODING\HW2\actions-runner'
[2026-04-08 06:07:48Z INFO HostContext] Well known directory 'Work': 'C:\Users\maple\OneDrive\바탕 화면\VIVECODING\HW2\actions-runner\_work'
[2026-04-08 06:07:48Z INFO HostContext] Well known directory 'Bin': 'C:\Users\maple\OneDrive\바탕 화면\VIVECODING\HW2\actions-runner\bin'
[2026-04-08 06:07:48Z INFO HostContext] Well known directory 'Root': 'C:\Users\maple\OneDrive\바탕 화면\VIVECODING\HW2\actions-runner'
[2026-04-08 06:07:48Z INFO HostContext] Well known directory 'Work': 'C:\Users\maple\OneDrive\바탕 화면\VIVECODING\HW2\actions-runner\_work'
[2026-04-08 06:07:48Z INFO JobExtension] Downloading actions
[2026-04-08 06:07:48Z INFO HostContext] Well known directory 'Bin': 'C:\Users\maple\OneDrive\바탕 화면\VIVECODING\HW2\actions-runner\bin'
[2026-04-08 06:07:48Z INFO HostContext] Well known directory 'Root': 'C:\Users\maple\OneDrive\바탕 화면\VIVECODING\HW2\actions-runner'
[2026-04-08 06:07:48Z INFO HostContext] Well known directory 'Work': 'C:\Users\maple\OneDrive\바탕 화면\VIVECODING\HW2\actions-runner\_work'
[2026-04-08 06:07:48Z INFO HostContext] Well known directory 'Actions': 'C:\Users\maple\OneDrive\바탕 화면\VIVECODING\HW2\actions-runner\_work\_actions'
[2026-04-08 06:07:48Z INFO JobExtension] Adding .
[2026-04-08 06:07:48Z INFO JobExtension] Adding .
[2026-04-08 06:07:48Z INFO JobExtension] Adding .
[2026-04-08 06:07:48Z INFO JobExtension] Adding .
[2026-04-08 06:07:48Z INFO HostContext] Well known directory 'Bin': 'C:\Users\maple\OneDrive\바탕 화면\VIVECODING\HW2\actions-runner\bin'
[2026-04-08 06:07:48Z INFO HostContext] Well known directory 'Root': 'C:\Users\maple\OneDrive\바탕 화면\VIVECODING\HW2\actions-runner'
[2026-04-08 06:07:48Z INFO HostContext] Well known directory 'Diag': 'C:\Users\maple\OneDrive\바탕 화면\VIVECODING\HW2\actions-runner\_diag'
[2026-04-08 06:07:48Z INFO HostContext] Well known directory 'Bin': 'C:\Users\maple\OneDrive\바탕 화면\VIVECODING\HW2\actions-runner\bin'
[2026-04-08 06:07:48Z INFO HostContext] Well known directory 'Root': 'C:\Users\maple\OneDrive\바탕 화면\VIVECODING\HW2\actions-runner'
[2026-04-08 06:07:48Z INFO HostContext] Well known directory 'Diag': 'C:\Users\maple\OneDrive\바탕 화면\VIVECODING\HW2\actions-runner\_diag'
[2026-04-08 06:07:48Z INFO HostContext] Well known directory 'Bin': 'C:\Users\maple\OneDrive\바탕 화면\VIVECODING\HW2\actions-runner\bin'
[2026-04-08 06:07:48Z INFO HostContext] Well known directory 'Root': 'C:\Users\maple\OneDrive\바탕 화면\VIVECODING\HW2\actions-runner'
[2026-04-08 06:07:48Z INFO HostContext] Well known directory 'Diag': 'C:\Users\maple\OneDrive\바탕 화면\VIVECODING\HW2\actions-runner\_diag'
[2026-04-08 06:07:48Z INFO HostContext] Well known directory 'Bin': 'C:\Users\maple\OneDrive\바탕 화면\VIVECODING\HW2\actions-runner\bin'
[2026-04-08 06:07:48Z INFO HostContext] Well known directory 'Root': 'C:\Users\maple\OneDrive\바탕 화면\VIVECODING\HW2\actions-runner'
[2026-04-08 06:07:48Z INFO HostContext] Well known directory 'Diag': 'C:\Users\maple\OneDrive\바탕 화면\VIVECODING\HW2\actions-runner\_diag'
[2026-04-08 06:07:48Z INFO HostContext] Well known directory 'Bin': 'C:\Users\maple\OneDrive\바탕 화면\VIVECODING\HW2\actions-runner\bin'
[2026-04-08 06:07:48Z INFO HostContext] Well known directory 'Root': 'C:\Users\maple\OneDrive\바탕 화면\VIVECODING\HW2\actions-runner'
[2026-04-08 06:07:48Z INFO HostContext] Well known directory 'Diag': 'C:\Users\maple\OneDrive\바탕 화면\VIVECODING\HW2\actions-runner\_diag'
[2026-04-08 06:07:48Z INFO HostContext] Well known directory 'Bin': 'C:\Users\maple\OneDrive\바탕 화면\VIVECODING\HW2\actions-runner\bin'
[2026-04-08 06:07:48Z INFO HostContext] Well known directory 'Root': 'C:\Users\maple\OneDrive\바탕 화면\VIVECODING\HW2\actions-runner'
[2026-04-08 06:07:48Z INFO HostContext] Well known directory 'Diag': 'C:\Users\maple\OneDrive\바탕 화면\VIVECODING\HW2\actions-runner\_diag'
[2026-04-08 06:07:48Z INFO HostContext] Well known directory 'Bin': 'C:\Users\maple\OneDrive\바탕 화면\VIVECODING\HW2\actions-runner\bin'
[2026-04-08 06:07:48Z INFO HostContext] Well known directory 'Root': 'C:\Users\maple\OneDrive\바탕 화면\VIVECODING\HW2\actions-runner'
[2026-04-08 06:07:48Z INFO HostContext] Well known directory 'Diag': 'C:\Users\maple\OneDrive\바탕 화면\VIVECODING\HW2\actions-runner\_diag'
[2026-04-08 06:07:48Z INFO HostContext] Well known directory 'Bin': 'C:\Users\maple\OneDrive\바탕 화면\VIVECODING\HW2\actions-runner\bin'
[2026-04-08 06:07:48Z INFO HostContext] Well known directory 'Root': 'C:\Users\maple\OneDrive\바탕 화면\VIVECODING\HW2\actions-runner'
[2026-04-08 06:07:48Z INFO HostContext] Well known directory 'Diag': 'C:\Users\maple\OneDrive\바탕 화면\VIVECODING\HW2\actions-runner\_diag'
[2026-04-08 06:07:49Z INFO JobExtension] Total accessible running process: 359.
[2026-04-08 06:07:49Z INFO HostContext] Well known directory 'Bin': 'C:\Users\maple\OneDrive\바탕 화면\VIVECODING\HW2\actions-runner\bin'
[2026-04-08 06:07:49Z INFO HostContext] Well known directory 'Root': 'C:\Users\maple\OneDrive\바탕 화면\VIVECODING\HW2\actions-runner'
[2026-04-08 06:07:49Z INFO HostContext] Well known directory 'Work': 'C:\Users\maple\OneDrive\바탕 화면\VIVECODING\HW2\actions-runner\_work'
[2026-04-08 06:07:49Z INFO JobExtension] Start checking server connectivity.
[2026-04-08 06:07:49Z INFO JobExtension] Check server connectivity for https://broker.actions.githubusercontent.com/health.
[2026-04-08 06:07:49Z INFO JobExtension] Check server connectivity for https://token.actions.githubusercontent.com/ready.
[2026-04-08 06:07:49Z INFO JobExtension] Check server connectivity for https://run.actions.githubusercontent.com/health.
[2026-04-08 06:07:49Z INFO JobExtension] Start checking service connectivity in background.
[2026-04-08 06:07:49Z INFO ExecutionContext] Publish step telemetry for current step {
  "action": "setup_job",
  "type": "runner",
  "stage": "Pre",
  "stepId": "0506f05c-4050-42b4-820c-768e79f2c3c3",
  "result": "succeeded",
  "errorMessages": [],
  "executionTimeInSeconds": 1,
  "startTime": "2026-04-08T06:07:48.9606649Z",
  "finishTime": "2026-04-08T06:07:49.0300501Z"
}.
[2026-04-08 06:07:49Z INFO JobRunner] Total job steps: 4.
[2026-04-08 06:07:49Z INFO JobRunner] Run all job steps.
[2026-04-08 06:07:49Z INFO StepsRunner] Processing step: DisplayName='Pull Latest Docker Image'
[2026-04-08 06:07:49Z INFO StepsRunner] Evaluating: success()
[2026-04-08 06:07:49Z INFO StepsRunner] Result: true
[2026-04-08 06:07:49Z INFO StepsRunner] Starting the step.
[2026-04-08 06:07:49Z INFO HostContext] Well known directory 'Bin': 'C:\Users\maple\OneDrive\바탕 화면\VIVECODING\HW2\actions-runner\bin'
[2026-04-08 06:07:49Z INFO HostContext] Well known directory 'Root': 'C:\Users\maple\OneDrive\바탕 화면\VIVECODING\HW2\actions-runner'
[2026-04-08 06:07:49Z INFO HostContext] Well known directory 'Work': 'C:\Users\maple\OneDrive\바탕 화면\VIVECODING\HW2\actions-runner\_work'
[2026-04-08 06:07:49Z INFO StepsRunner] Which2: 'chcp'
[2026-04-08 06:07:49Z INFO StepsRunner] Location: 'C:\WINDOWS\system32\chcp.COM'
[2026-04-08 06:07:49Z INFO ProcessInvokerWrapper] Starting process:
[2026-04-08 06:07:49Z INFO ProcessInvokerWrapper]   File name: 'C:\WINDOWS\system32\chcp.COM'
[2026-04-08 06:07:49Z INFO ProcessInvokerWrapper]   Arguments: '65001'
[2026-04-08 06:07:49Z INFO ProcessInvokerWrapper]   Working directory: 'C:\Users\maple\OneDrive\바탕 화면\VIVECODING\HW2\actions-runner\_work'
[2026-04-08 06:07:49Z INFO ProcessInvokerWrapper]   Require exit code zero: 'False'
[2026-04-08 06:07:49Z INFO ProcessInvokerWrapper]   Encoding web name:  ; code page: ''
[2026-04-08 06:07:49Z INFO ProcessInvokerWrapper]   Force kill process on cancellation: 'False'
[2026-04-08 06:07:49Z INFO ProcessInvokerWrapper]   Redirected STDIN: 'False'
[2026-04-08 06:07:49Z INFO ProcessInvokerWrapper]   Persist current code page: 'True'
[2026-04-08 06:07:49Z INFO ProcessInvokerWrapper]   Keep redirected STDIN open: 'False'
[2026-04-08 06:07:49Z INFO ProcessInvokerWrapper]   High priority process: 'False'
[2026-04-08 06:07:49Z INFO ProcessInvokerWrapper] Process started with process id 27952, waiting for process exit.
[2026-04-08 06:07:49Z INFO Worker] Listening for cancel message from the channel.
[2026-04-08 06:07:49Z INFO Worker] Waiting for the job to complete or for a cancel message from the channel.
[2026-04-08 06:07:49Z INFO ProcessInvokerWrapper] STDOUT/STDERR stream read finished.
[2026-04-08 06:07:49Z INFO ProcessInvokerWrapper] STDOUT/STDERR stream read finished.
[2026-04-08 06:07:49Z INFO ProcessInvokerWrapper] Finished process 27952 with exit code 0, and elapsed time 00:00:00.0441373.
[2026-04-08 06:07:49Z INFO StepsRunner] Successfully returned to code page 65001 (UTF8)
[2026-04-08 06:07:49Z INFO HostContext] Well known directory 'Bin': 'C:\Users\maple\OneDrive\바탕 화면\VIVECODING\HW2\actions-runner\bin'
[2026-04-08 06:07:49Z INFO HostContext] Well known directory 'Root': 'C:\Users\maple\OneDrive\바탕 화면\VIVECODING\HW2\actions-runner'
[2026-04-08 06:07:49Z INFO HostContext] Well known directory 'Work': 'C:\Users\maple\OneDrive\바탕 화면\VIVECODING\HW2\actions-runner\_work'
[2026-04-08 06:07:49Z INFO HostContext] Well known directory 'Temp': 'C:\Users\maple\OneDrive\바탕 화면\VIVECODING\HW2\actions-runner\_work\_temp'
[2026-04-08 06:07:49Z INFO ExecutionContext] Write event payload to C:\Users\maple\OneDrive\바탕 화면\VIVECODING\HW2\actions-runner\_work\_temp\_github_workflow\event.json
[2026-04-08 06:07:49Z INFO HostContext] Well known directory 'Bin': 'C:\Users\maple\OneDrive\바탕 화면\VIVECODING\HW2\actions-runner\bin'
[2026-04-08 06:07:49Z INFO HostContext] Well known directory 'Root': 'C:\Users\maple\OneDrive\바탕 화면\VIVECODING\HW2\actions-runner'
[2026-04-08 06:07:49Z INFO HostContext] Well known directory 'Work': 'C:\Users\maple\OneDrive\바탕 화면\VIVECODING\HW2\actions-runner\_work'
[2026-04-08 06:07:49Z INFO HostContext] Well known directory 'Temp': 'C:\Users\maple\OneDrive\바탕 화면\VIVECODING\HW2\actions-runner\_work\_temp'
[2026-04-08 06:07:49Z INFO ExtensionManager] Getting extensions for interface: 'GitHub.Runner.Worker.IFileCommandExtension'
[2026-04-08 06:07:49Z INFO ExtensionManager] Creating instance: GitHub.Runner.Worker.AddPathFileCommand, Runner.Worker
[2026-04-08 06:07:49Z INFO ExtensionManager] Creating instance: GitHub.Runner.Worker.SetEnvFileCommand, Runner.Worker
[2026-04-08 06:07:49Z INFO ExtensionManager] Creating instance: GitHub.Runner.Worker.CreateStepSummaryCommand, Runner.Worker
[2026-04-08 06:07:49Z INFO ExtensionManager] Creating instance: GitHub.Runner.Worker.SaveStateFileCommand, Runner.Worker
[2026-04-08 06:07:49Z INFO ExtensionManager] Creating instance: GitHub.Runner.Worker.SetOutputFileCommand, Runner.Worker
[2026-04-08 06:07:49Z INFO ExtensionManager] Getting extensions for interface: 'GitHub.Runner.Worker.IActionCommandExtension'
[2026-04-08 06:07:49Z INFO ExtensionManager] Creating instance: GitHub.Runner.Worker.InternalPluginSetRepoPathCommandExtension, Runner.Worker
[2026-04-08 06:07:49Z INFO ExtensionManager] Creating instance: GitHub.Runner.Worker.SetEnvCommandExtension, Runner.Worker
[2026-04-08 06:07:49Z INFO ExtensionManager] Creating instance: GitHub.Runner.Worker.SetOutputCommandExtension, Runner.Worker
[2026-04-08 06:07:49Z INFO ExtensionManager] Creating instance: GitHub.Runner.Worker.SaveStateCommandExtension, Runner.Worker
[2026-04-08 06:07:49Z INFO ExtensionManager] Creating instance: GitHub.Runner.Worker.AddPathCommandExtension, Runner.Worker
[2026-04-08 06:07:49Z INFO ExtensionManager] Creating instance: GitHub.Runner.Worker.AddMaskCommandExtension, Runner.Worker
[2026-04-08 06:07:49Z INFO ExtensionManager] Creating instance: GitHub.Runner.Worker.AddMatcherCommandExtension, Runner.Worker
[2026-04-08 06:07:49Z INFO ExtensionManager] Creating instance: GitHub.Runner.Worker.RemoveMatcherCommandExtension, Runner.Worker
[2026-04-08 06:07:49Z INFO ExtensionManager] Creating instance: GitHub.Runner.Worker.WarningCommandExtension, Runner.Worker
[2026-04-08 06:07:49Z INFO ExtensionManager] Creating instance: GitHub.Runner.Worker.ErrorCommandExtension, Runner.Worker
[2026-04-08 06:07:49Z INFO ExtensionManager] Creating instance: GitHub.Runner.Worker.NoticeCommandExtension, Runner.Worker
[2026-04-08 06:07:49Z INFO ExtensionManager] Creating instance: GitHub.Runner.Worker.DebugCommandExtension, Runner.Worker
[2026-04-08 06:07:49Z INFO ExtensionManager] Creating instance: GitHub.Runner.Worker.GroupCommandExtension, Runner.Worker
[2026-04-08 06:07:49Z INFO ExtensionManager] Creating instance: GitHub.Runner.Worker.EndGroupCommandExtension, Runner.Worker
[2026-04-08 06:07:49Z INFO ExtensionManager] Creating instance: GitHub.Runner.Worker.EchoCommandExtension, Runner.Worker
[2026-04-08 06:07:49Z INFO ActionCommandManager] Register action command extension for command internal-set-repo-path
[2026-04-08 06:07:49Z INFO ActionCommandManager] Register action command extension for command set-env
[2026-04-08 06:07:49Z INFO ActionCommandManager] Register action command extension for command set-output
[2026-04-08 06:07:49Z INFO ActionCommandManager] Register action command extension for command save-state
[2026-04-08 06:07:49Z INFO ActionCommandManager] Register action command extension for command add-path
[2026-04-08 06:07:49Z INFO ActionCommandManager] Register action command extension for command add-mask
[2026-04-08 06:07:49Z INFO ActionCommandManager] Register action command extension for command add-matcher
[2026-04-08 06:07:49Z INFO ActionCommandManager] Register action command extension for command remove-matcher
[2026-04-08 06:07:49Z INFO ActionCommandManager] Register action command extension for command warning
[2026-04-08 06:07:49Z INFO ActionCommandManager] Register action command extension for command error
[2026-04-08 06:07:49Z INFO ActionCommandManager] Register action command extension for command notice
[2026-04-08 06:07:49Z INFO ActionCommandManager] Register action command extension for command debug
[2026-04-08 06:07:49Z INFO ActionCommandManager] Register action command extension for command group
[2026-04-08 06:07:49Z INFO ActionCommandManager] Register action command extension for command endgroup
[2026-04-08 06:07:49Z INFO ActionCommandManager] Register action command extension for command echo
[2026-04-08 06:07:49Z INFO ScriptHandler] Which2: 'pwsh'
[2026-04-08 06:07:49Z INFO ScriptHandler] pwsh: command not found. Make sure 'pwsh' is installed and its location included in the 'Path' environment variable.
[2026-04-08 06:07:49Z INFO ScriptHandler] Defaulting to powershell
[2026-04-08 06:07:49Z INFO ScriptHandler] Which2: 'powershell'
[2026-04-08 06:07:49Z INFO ScriptHandler] Location: 'C:\WINDOWS\System32\WindowsPowerShell\v1.0\powershell.EXE'
[2026-04-08 06:07:49Z INFO HostContext] Well known directory 'Bin': 'C:\Users\maple\OneDrive\바탕 화면\VIVECODING\HW2\actions-runner\bin'
[2026-04-08 06:07:49Z INFO HostContext] Well known directory 'Root': 'C:\Users\maple\OneDrive\바탕 화면\VIVECODING\HW2\actions-runner'
[2026-04-08 06:07:49Z INFO HostContext] Well known directory 'Work': 'C:\Users\maple\OneDrive\바탕 화면\VIVECODING\HW2\actions-runner\_work'
[2026-04-08 06:07:49Z INFO HostContext] Well known directory 'Temp': 'C:\Users\maple\OneDrive\바탕 화면\VIVECODING\HW2\actions-runner\_work\_temp'
[2026-04-08 06:07:49Z INFO ScriptHandler] Which2: 'pwsh'
[2026-04-08 06:07:49Z INFO ScriptHandler] pwsh: command not found. Make sure 'pwsh' is installed and its location included in the 'Path' environment variable.
[2026-04-08 06:07:49Z INFO ScriptHandler] Defaulting to powershell
[2026-04-08 06:07:49Z INFO ScriptHandler] Which2: 'powershell'
[2026-04-08 06:07:49Z INFO ScriptHandler] Location: 'C:\WINDOWS\System32\WindowsPowerShell\v1.0\powershell.EXE'
[2026-04-08 06:07:49Z INFO ProcessInvokerWrapper] Starting process:
[2026-04-08 06:07:49Z INFO ProcessInvokerWrapper]   File name: 'C:\WINDOWS\System32\WindowsPowerShell\v1.0\powershell.EXE'
[2026-04-08 06:07:49Z INFO ProcessInvokerWrapper]   Arguments: '-command ". 'C:\Users\maple\OneDrive\바탕 화면\VIVECODING\HW2\actions-runner\_work\_temp\4fd76d22-0cef-43b4-88e3-c170aa744bf2.ps1'"'
[2026-04-08 06:07:49Z INFO ProcessInvokerWrapper]   Working directory: 'C:\Users\maple\OneDrive\바탕 화면\VIVECODING\HW2\actions-runner\_work\HW2\HW2'
[2026-04-08 06:07:49Z INFO ProcessInvokerWrapper]   Require exit code zero: 'False'
[2026-04-08 06:07:49Z INFO ProcessInvokerWrapper]   Encoding web name:  ; code page: ''
[2026-04-08 06:07:49Z INFO ProcessInvokerWrapper]   Force kill process on cancellation: 'False'
[2026-04-08 06:07:49Z INFO ProcessInvokerWrapper]   Redirected STDIN: 'False'
[2026-04-08 06:07:49Z INFO ProcessInvokerWrapper]   Persist current code page: 'True'
[2026-04-08 06:07:49Z INFO ProcessInvokerWrapper]   Keep redirected STDIN open: 'False'
[2026-04-08 06:07:49Z INFO ProcessInvokerWrapper]   High priority process: 'False'
[2026-04-08 06:07:49Z INFO ProcessInvokerWrapper] Process started with process id 32472, waiting for process exit.
[2026-04-08 06:07:49Z INFO ResultServer] Successfully started websocket client.
[2026-04-08 06:07:49Z INFO JobServerQueue] Try to append 1 batches web console lines for record '0506f05c-4050-42b4-820c-768e79f2c3c3', success rate: 1/1.
[2026-04-08 06:07:49Z INFO JobServerQueue] Try to append 1 batches web console lines for record 'a38da2a5-f3ac-4833-901a-1294a65e5d1e', success rate: 1/1.
[2026-04-08 06:07:49Z INFO JobServerQueue] Got a step log file to send to results service.
[2026-04-08 06:07:49Z INFO JobServerQueue] Starting upload of step log file to results service ResultsLog, C:\Users\maple\OneDrive\바탕 화면\VIVECODING\HW2\actions-runner\_diag\blocks\c711a346-14fa-4caf-a1d0-1684f74a1642_0506f05c-4050-42b4-820c-768e79f2c3c3.1
[2026-04-08 06:07:49Z INFO JobServerQueue] Try to upload 1 log files or attachments, success rate: 1/1.
[2026-04-08 06:07:50Z INFO JobServerQueue] Job timeline record has been updated for the first time.
[2026-04-08 06:07:51Z INFO ProcessInvokerWrapper] STDOUT/STDERR stream read finished.
[2026-04-08 06:07:51Z INFO ProcessInvokerWrapper] STDOUT/STDERR stream read finished.
[2026-04-08 06:07:51Z INFO ProcessInvokerWrapper] Finished process 32472 with exit code 1, and elapsed time 00:00:02.1350287.
[2026-04-08 06:07:51Z INFO CreateStepSummaryCommand] Step Summary file (C:\Users\maple\OneDrive\바탕 화면\VIVECODING\HW2\actions-runner\_work\_temp\_runner_file_commands\step_summary_a0d1284d-a8d6-422a-a86b-5ddaa4f0f7a3) is empty; skipping attachment upload
[2026-04-08 06:07:51Z INFO StepsRunner] Step result: Failed
[2026-04-08 06:07:51Z INFO ExecutionContext] Publish step telemetry for current step {
  "action": "powershell",
  "type": "run",
  "stage": "Main",
  "stepId": "a38da2a5-f3ac-4833-901a-1294a65e5d1e",
  "stepContextName": "__run",
  "result": "failed",
  "errorMessages": [
    "Process completed with exit code 1."
  ],
  "executionTimeInSeconds": 3,
  "startTime": "2026-04-08T06:07:49.0379128Z",
  "finishTime": "2026-04-08T06:07:51.2829087Z"
}.
[2026-04-08 06:07:51Z INFO StepsRunner] Update job result with current step result 'Failed'.
[2026-04-08 06:07:51Z INFO StepsRunner] Current state: job state = 'Failed'
[2026-04-08 06:07:51Z INFO StepsRunner] Processing step: DisplayName='Stop Existing Container'
[2026-04-08 06:07:51Z INFO StepsRunner] Evaluating: success()
[2026-04-08 06:07:51Z INFO StepsRunner] Result: false
[2026-04-08 06:07:51Z INFO StepsRunner] Skipping step due to condition evaluation.
[2026-04-08 06:07:51Z INFO StepsRunner] No need for updating job result with current step result 'Skipped'.
[2026-04-08 06:07:51Z INFO StepsRunner] Current state: job state = 'Failed'
[2026-04-08 06:07:51Z INFO StepsRunner] Processing step: DisplayName='Remove Existing Container'
[2026-04-08 06:07:51Z INFO StepsRunner] Evaluating: success()
[2026-04-08 06:07:51Z INFO StepsRunner] Result: false
[2026-04-08 06:07:51Z INFO StepsRunner] Skipping step due to condition evaluation.
[2026-04-08 06:07:51Z INFO StepsRunner] No need for updating job result with current step result 'Skipped'.
[2026-04-08 06:07:51Z INFO StepsRunner] Current state: job state = 'Failed'
[2026-04-08 06:07:51Z INFO StepsRunner] Processing step: DisplayName='Run New Container'
[2026-04-08 06:07:51Z INFO StepsRunner] Evaluating: success()
[2026-04-08 06:07:51Z INFO StepsRunner] Result: false
[2026-04-08 06:07:51Z INFO StepsRunner] Skipping step due to condition evaluation.
[2026-04-08 06:07:51Z INFO StepsRunner] No need for updating job result with current step result 'Skipped'.
[2026-04-08 06:07:51Z INFO StepsRunner] Current state: job state = 'Failed'
[2026-04-08 06:07:51Z INFO JobRunner] Finalize job.
[2026-04-08 06:07:51Z INFO HostContext] Well known directory 'Bin': 'C:\Users\maple\OneDrive\바탕 화면\VIVECODING\HW2\actions-runner\bin'
[2026-04-08 06:07:51Z INFO HostContext] Well known directory 'Root': 'C:\Users\maple\OneDrive\바탕 화면\VIVECODING\HW2\actions-runner'
[2026-04-08 06:07:51Z INFO HostContext] Well known directory 'Diag': 'C:\Users\maple\OneDrive\바탕 화면\VIVECODING\HW2\actions-runner\_diag'
[2026-04-08 06:07:51Z INFO HostContext] Well known directory 'Bin': 'C:\Users\maple\OneDrive\바탕 화면\VIVECODING\HW2\actions-runner\bin'
[2026-04-08 06:07:51Z INFO HostContext] Well known directory 'Root': 'C:\Users\maple\OneDrive\바탕 화면\VIVECODING\HW2\actions-runner'
[2026-04-08 06:07:51Z INFO HostContext] Well known directory 'Diag': 'C:\Users\maple\OneDrive\바탕 화면\VIVECODING\HW2\actions-runner\_diag'
[2026-04-08 06:07:51Z INFO JobExtension] Initialize Env context
[2026-04-08 06:07:51Z INFO JobExtension] Initialize steps context
[2026-04-08 06:07:51Z INFO JobExtension] Total accessible running process: 359.
[2026-04-08 06:07:51Z INFO JobExtension] Wait for all connectivity checks to finish.
[2026-04-08 06:07:51Z INFO JobExtension] Connectivity check result: GitHub.Runner.Worker.JobExtension+CheckResult
[2026-04-08 06:07:51Z INFO JobExtension] Connectivity check result: GitHub.Runner.Worker.JobExtension+CheckResult
[2026-04-08 06:07:51Z INFO JobExtension] Connectivity check result: GitHub.Runner.Worker.JobExtension+CheckResult
[2026-04-08 06:07:51Z INFO JobServerQueue] Try to append 1 batches web console lines for record 'a38da2a5-f3ac-4833-901a-1294a65e5d1e', success rate: 1/1.
[2026-04-08 06:07:51Z INFO ExecutionContext] Publish step telemetry for current step {
  "action": "complete_job",
  "type": "runner",
  "stage": "Post",
  "stepId": "fb05e6a3-9505-4cf7-ab7f-339052188257",
  "result": "succeeded",
  "errorMessages": [],
  "executionTimeInSeconds": 1,
  "startTime": "2026-04-08T06:07:51.2895414Z",
  "finishTime": "2026-04-08T06:07:51.3058289Z"
}.
[2026-04-08 06:07:51Z INFO JobServerQueue] Try to append 1 batches web console lines for record 'fb05e6a3-9505-4cf7-ab7f-339052188257', success rate: 1/1.
[2026-04-08 06:07:51Z INFO JobRunner] Job result after all job steps finish: Failed
[2026-04-08 06:07:51Z INFO JobRunner] Completing the job execution context.
[2026-04-08 06:07:51Z INFO JobRunner] Shutting down the job server queue.
[2026-04-08 06:07:51Z INFO JobServerQueue] Fire signal to shutdown all queues.
[2026-04-08 06:07:51Z INFO JobServerQueue] Tried to upload 1 file(s) to results, success rate: 1/1.
[2026-04-08 06:07:52Z INFO JobServerQueue] All queue process task stopped.
[2026-04-08 06:07:52Z INFO JobServerQueue] Web console line queue drained.
[2026-04-08 06:07:52Z INFO JobServerQueue] Uploading 3 files in one shot.
[2026-04-08 06:07:52Z INFO JobServerQueue] Try to upload 3 log files or attachments, success rate: 3/3.
[2026-04-08 06:07:52Z INFO JobServerQueue] File upload queue drained.
[2026-04-08 06:07:52Z INFO JobServerQueue] Starting results-based upload queue...
[2026-04-08 06:07:52Z INFO JobServerQueue] Uploading 3 file(s) in one shot through results service.
[2026-04-08 06:07:52Z INFO JobServerQueue] Got a step log file to send to results service.
[2026-04-08 06:07:52Z INFO JobServerQueue] Starting upload of step log file to results service ResultsLog, C:\Users\maple\OneDrive\바탕 화면\VIVECODING\HW2\actions-runner\_diag\blocks\c711a346-14fa-4caf-a1d0-1684f74a1642_a38da2a5-f3ac-4833-901a-1294a65e5d1e.1
[2026-04-08 06:07:53Z INFO JobServerQueue] Got a step log file to send to results service.
[2026-04-08 06:07:53Z INFO JobServerQueue] Starting upload of step log file to results service ResultsLog, C:\Users\maple\OneDrive\바탕 화면\VIVECODING\HW2\actions-runner\_diag\blocks\c711a346-14fa-4caf-a1d0-1684f74a1642_fb05e6a3-9505-4cf7-ab7f-339052188257.1
[2026-04-08 06:07:54Z INFO JobServerQueue] Got a job log file to send to results service.
[2026-04-08 06:07:54Z INFO JobServerQueue] Starting upload of job log file to results service ResultsLog, C:\Users\maple\OneDrive\바탕 화면\VIVECODING\HW2\actions-runner\_diag\blocks\c711a346-14fa-4caf-a1d0-1684f74a1642_c6f6fd59-05ed-51f2-a303-85b53fd6e81e.1
[2026-04-08 06:07:54Z INFO JobServerQueue] Tried to upload 3 file(s) to results, success rate: 3/3.
[2026-04-08 06:07:54Z INFO JobServerQueue] Results upload queue drained.
[2026-04-08 06:07:55Z INFO JobServerQueue] Timeline update queue drained.
[2026-04-08 06:07:55Z INFO JobServerQueue] Disposing job server ...
[2026-04-08 06:07:55Z INFO JobServerQueue] Disposing results server ...
[2026-04-08 06:07:55Z INFO JobServerQueue] All queue process tasks have been stopped, and all queues are drained.
[2026-04-08 06:07:55Z INFO TempDirectoryManager] Cleaning runner temp folder: C:\Users\maple\OneDrive\바탕 화면\VIVECODING\HW2\actions-runner\_work\_temp
[2026-04-08 06:07:55Z INFO HostContext] Well known directory 'Bin': 'C:\Users\maple\OneDrive\바탕 화면\VIVECODING\HW2\actions-runner\bin'
[2026-04-08 06:07:55Z INFO HostContext] Well known directory 'Root': 'C:\Users\maple\OneDrive\바탕 화면\VIVECODING\HW2\actions-runner'
[2026-04-08 06:07:55Z INFO HostContext] Well known directory 'Diag': 'C:\Users\maple\OneDrive\바탕 화면\VIVECODING\HW2\actions-runner\_diag'
[2026-04-08 06:07:55Z INFO HostContext] Well known config file 'Telemetry': 'C:\Users\maple\OneDrive\바탕 화면\VIVECODING\HW2\actions-runner\_diag\.telemetry'
[2026-04-08 06:07:55Z INFO JobRunner] Raising job completed against run service
[2026-04-08 06:07:56Z INFO Worker] Job completed.
